<?xml version="1.0" encoding="UTF-8"?>
<!-- Generated by org.testng.reporters.JUnitXMLReporter -->
<testsuite ignored="3" hostname="DESKTOP-A4U9TD3" failures="1" tests="7" name="logins" time="0.082" errors="0" timestamp="2020-05-25T09:43:02 IST">
  <testcase classname="Test.Day3" name="mobiledashboard" time="0.003"/>
  <testcase classname="Test.Day3" name="mobiledata" time="0.006"/>
  <testcase classname="Test.Day3" name="mobiledata" time="0.003"/>
  <testcase classname="Test.Day3" name="mobiledata" time="0.003"/>
  <testcase classname="Test.Day3" name="mobilelogin" time="0.009"/>
  <testcase classname="Test.Day3" name="mobilelogout" time="0.0">
    <failure type="org.testng.TestNGException" message="
Parameter &amp;apos;URL&amp;apos; is required by @Test on method mobilelogout but has not been marked @Optional or defined
in C:\Software\Workspace\JavaPractice\eclipse-workspace\TestNGTutorials\testng.xml">
      <![CDATA[org.testng.TestNGException: 
Parameter 'URL' is required by @Test on method mobilelogout but has not been marked @Optional or defined
in C:\Software\Workspace\JavaPractice\eclipse-workspace\TestNGTutorials\testng.xml
at java.base/java.util.ArrayList.forEach(ArrayList.java:1510)
... Removed 26 stack frames]]>
    </failure>
  </testcase> <!-- mobilelogout -->
  <testcase classname="Test.Day3" name="mobilesplash" time="0.006"/>
  <testcase classname="Test.Day3" name="mobilehomescreen" time="0.0">
    <ignored/>
  </testcase> <!-- mobilehomescreen -->
  <testcase classname="Test.Day3" name="weblogin" time="0.0">
    <ignored/>
  </testcase> <!-- weblogin -->
  <testcase classname="Test.Day3" name="APIlogin" time="0.0">
    <ignored/>
  </testcase> <!-- APIlogin -->
</testsuite> <!-- logins -->
