<?xml version="1.0" encoding="UTF-8"?>
<!-- Generated by org.testng.reporters.JUnitXMLReporter -->
<testsuite ignored="7" hostname="DESKTOP-A4U9TD3" failures="0" tests="7" name="Test" time="0.144" errors="0" timestamp="2020-05-25T09:44:02 IST">
  <testcase classname="Test.BasicsClass1" name="demo" time="0.014"/>
  <testcase classname="Test.Day2" name="hello" time="0.003"/>
  <testcase classname="Test.Day3" name="mobilelogin" time="0.003"/>
  <testcase classname="Test.Day3" name="mobilesplash" time="0.001"/>
  <testcase classname="Test.Day3" name="weblogin" time="0.003"/>
  <testcase classname="Test.Day4" name="basicsmoke" time="0.005"/>
  <testcase classname="Test.Day4" name="plan" time="0.003"/>
  <testcase classname="Test.Day3" name="mobilehomescreen" time="0.0">
    <ignored/>
  </testcase> <!-- mobilehomescreen -->
  <testcase classname="Test.BasicsClass1" name="seconddemo" time="0.0">
    <ignored/>
  </testcase> <!-- seconddemo -->
  <testcase classname="Test.Day2" name="bye" time="0.0">
    <ignored/>
  </testcase> <!-- bye -->
  <testcase classname="Test.Day3" name="APIlogin" time="0.0">
    <ignored/>
  </testcase> <!-- APIlogin -->
  <testcase classname="Test.Day3" name="mobilelogout" time="0.0">
    <ignored/>
  </testcase> <!-- mobilelogout -->
  <testcase classname="Test.Day3" name="mobiledashboard" time="0.0">
    <ignored/>
  </testcase> <!-- mobiledashboard -->
  <testcase classname="Test.Day3" name="mobiledata" time="0.0">
    <ignored/>
  </testcase> <!-- mobiledata -->
</testsuite> <!-- Test -->
